  WindowsProject1.cpp
D:\ПГУ. Учебные пособия\4 семестр\Компьютерная группа и 3D моделирование\laboratory_work\WindowsProject1_new\WindowsProject1.cpp(141,15): warning C4244: инициализация: преобразование "double" в "int", возможна потеря данных
D:\ПГУ. Учебные пособия\4 семестр\Компьютерная группа и 3D моделирование\laboratory_work\WindowsProject1_new\WindowsProject1.cpp(142,15): warning C4244: инициализация: преобразование "double" в "int", возможна потеря данных
D:\ПГУ. Учебные пособия\4 семестр\Компьютерная группа и 3D моделирование\laboratory_work\WindowsProject1_new\WindowsProject1.cpp(143,15): warning C4244: инициализация: преобразование "double" в "int", возможна потеря данных
D:\ПГУ. Учебные пособия\4 семестр\Компьютерная группа и 3D моделирование\laboratory_work\WindowsProject1_new\WindowsProject1.cpp(144,15): warning C4244: инициализация: преобразование "double" в "int", возможна потеря данных
D:\ПГУ. Учебные пособия\4 семестр\Компьютерная группа и 3D моделирование\laboratory_work\WindowsProject1_new\WindowsProject1.cpp(148,38): warning C4244: =: преобразование "double" в "int", возможна потеря данных
D:\ПГУ. Учебные пособия\4 семестр\Компьютерная группа и 3D моделирование\laboratory_work\WindowsProject1_new\WindowsProject1.cpp(151,38): warning C4244: =: преобразование "double" в "int", возможна потеря данных
D:\ПГУ. Учебные пособия\4 семестр\Компьютерная группа и 3D моделирование\laboratory_work\WindowsProject1_new\WindowsProject1.cpp(157,38): warning C4244: =: преобразование "double" в "int", возможна потеря данных
D:\ПГУ. Учебные пособия\4 семестр\Компьютерная группа и 3D моделирование\laboratory_work\WindowsProject1_new\WindowsProject1.cpp(160,38): warning C4244: =: преобразование "double" в "int", возможна потеря данных
D:\ПГУ. Учебные пособия\4 семестр\Компьютерная группа и 3D моделирование\laboratory_work\WindowsProject1_new\WindowsProject1.cpp(340,60): warning C4244: аргумент: преобразование "double" в "int", возможна потеря данных
D:\ПГУ. Учебные пособия\4 семестр\Компьютерная группа и 3D моделирование\laboratory_work\WindowsProject1_new\WindowsProject1.cpp(340,40): warning C4244: аргумент: преобразование "double" в "int", возможна потеря данных
D:\ПГУ. Учебные пособия\4 семестр\Компьютерная группа и 3D моделирование\laboratory_work\WindowsProject1_new\WindowsProject1.cpp(341,58): warning C4244: аргумент: преобразование "double" в "int", возможна потеря данных
D:\ПГУ. Учебные пособия\4 семестр\Компьютерная группа и 3D моделирование\laboratory_work\WindowsProject1_new\WindowsProject1.cpp(341,38): warning C4244: аргумент: преобразование "double" в "int", возможна потеря данных
D:\ПГУ. Учебные пособия\4 семестр\Компьютерная группа и 3D моделирование\laboratory_work\WindowsProject1_new\WindowsProject1.cpp(342,60): warning C4244: аргумент: преобразование "double" в "int", возможна потеря данных
D:\ПГУ. Учебные пособия\4 семестр\Компьютерная группа и 3D моделирование\laboratory_work\WindowsProject1_new\WindowsProject1.cpp(342,40): warning C4244: аргумент: преобразование "double" в "int", возможна потеря данных
D:\ПГУ. Учебные пособия\4 семестр\Компьютерная группа и 3D моделирование\laboratory_work\WindowsProject1_new\WindowsProject1.cpp(343,58): warning C4244: аргумент: преобразование "double" в "int", возможна потеря данных
D:\ПГУ. Учебные пособия\4 семестр\Компьютерная группа и 3D моделирование\laboratory_work\WindowsProject1_new\WindowsProject1.cpp(343,38): warning C4244: аргумент: преобразование "double" в "int", возможна потеря данных
D:\ПГУ. Учебные пособия\4 семестр\Компьютерная группа и 3D моделирование\laboratory_work\WindowsProject1_new\WindowsProject1.cpp(345,60): warning C4244: аргумент: преобразование "double" в "int", возможна потеря данных
D:\ПГУ. Учебные пособия\4 семестр\Компьютерная группа и 3D моделирование\laboratory_work\WindowsProject1_new\WindowsProject1.cpp(345,40): warning C4244: аргумент: преобразование "double" в "int", возможна потеря данных
D:\ПГУ. Учебные пособия\4 семестр\Компьютерная группа и 3D моделирование\laboratory_work\WindowsProject1_new\WindowsProject1.cpp(346,58): warning C4244: аргумент: преобразование "double" в "int", возможна потеря данных
D:\ПГУ. Учебные пособия\4 семестр\Компьютерная группа и 3D моделирование\laboratory_work\WindowsProject1_new\WindowsProject1.cpp(346,38): warning C4244: аргумент: преобразование "double" в "int", возможна потеря данных
D:\ПГУ. Учебные пособия\4 семестр\Компьютерная группа и 3D моделирование\laboratory_work\WindowsProject1_new\WindowsProject1.cpp(347,58): warning C4244: аргумент: преобразование "double" в "int", возможна потеря данных
D:\ПГУ. Учебные пособия\4 семестр\Компьютерная группа и 3D моделирование\laboratory_work\WindowsProject1_new\WindowsProject1.cpp(347,38): warning C4244: аргумент: преобразование "double" в "int", возможна потеря данных
D:\ПГУ. Учебные пособия\4 семестр\Компьютерная группа и 3D моделирование\laboratory_work\WindowsProject1_new\WindowsProject1.cpp(350,64): warning C4244: аргумент: преобразование "double" в "int", возможна потеря данных
D:\ПГУ. Учебные пособия\4 семестр\Компьютерная группа и 3D моделирование\laboratory_work\WindowsProject1_new\WindowsProject1.cpp(350,44): warning C4244: аргумент: преобразование "double" в "int", возможна потеря данных
D:\ПГУ. Учебные пособия\4 семестр\Компьютерная группа и 3D моделирование\laboratory_work\WindowsProject1_new\WindowsProject1.cpp(351,66): warning C4244: аргумент: преобразование "double" в "int", возможна потеря данных
D:\ПГУ. Учебные пособия\4 семестр\Компьютерная группа и 3D моделирование\laboratory_work\WindowsProject1_new\WindowsProject1.cpp(351,44): warning C4244: аргумент: преобразование "double" в "int", возможна потеря данных
D:\ПГУ. Учебные пособия\4 семестр\Компьютерная группа и 3D моделирование\laboratory_work\WindowsProject1_new\WindowsProject1.cpp(352,66): warning C4244: аргумент: преобразование "double" в "int", возможна потеря данных
D:\ПГУ. Учебные пособия\4 семестр\Компьютерная группа и 3D моделирование\laboratory_work\WindowsProject1_new\WindowsProject1.cpp(352,44): warning C4244: аргумент: преобразование "double" в "int", возможна потеря данных
  WindowsProject1.vcxproj -> D:\ПГУ. Учебные пособия\4 семестр\Компьютерная группа и 3D моделирование\laboratory_work\WindowsProject1_new\x64\Debug\WindowsProject1.exe
